0 info it worked if it ends with ok
1 verbose cli [
1 verbose cli   '/home/ravictory/.nvm/versions/node/v12.18.0/bin/node',
1 verbose cli   '/home/ravictory/.nvm/versions/node/v12.18.0/bin/npm',
1 verbose cli   'start'
1 verbose cli ]
2 info using npm@6.14.4
3 info using node@v12.18.0
4 verbose run-script [ 'prestart', 'start', 'poststart' ]
5 info lifecycle learn-starter@0.1.0~prestart: learn-starter@0.1.0
6 info lifecycle learn-starter@0.1.0~start: learn-starter@0.1.0
7 verbose lifecycle learn-starter@0.1.0~start: unsafe-perm in lifecycle true
8 verbose lifecycle learn-starter@0.1.0~start: PATH: /home/ravictory/.nvm/versions/node/v12.18.0/lib/node_modules/npm/node_modules/npm-lifecycle/node-gyp-bin:/mnt/d/RAVI/Programming/NextJS/Blog/nextjs-blog/node_modules/.bin:/home/ravictory/.nvm/versions/node/v12.18.0/bin:/usr/local/sbin:/usr/local/bin:/usr/sbin:/usr/bin:/sbin:/bin:/usr/games:/usr/local/games:/mnt/c/Python38/Scripts/:/mnt/c/Python38/:/mnt/c/Program Files (x86)/Common Files/Intel/Shared Libraries/redist/intel64/compiler:/mnt/c/Program Files (x86)/Common Files/Oracle/Java/javapath:/mnt/c/Program Files (x86)/Razer Chroma SDK/bin:/mnt/c/Program Files/Razer Chroma SDK/bin:/mnt/c/Program Files (x86)/Intel/iCLS Client/:/mnt/c/Program Files/Intel/iCLS Client/:/mnt/c/Windows/system32:/mnt/c/Windows:/mnt/c/Windows/System32/Wbem:/mnt/c/Windows/System32/WindowsPowerShell/v1.0/:/mnt/c/Program Files (x86)/Intel/Intel(R) Management Engine Components/DAL:/mnt/c/Program Files/Intel/Intel(R) Management Engine Components/DAL:/mnt/c/Program Files (x86)/Intel/Intel(R) Management Engine Components/IPT:/mnt/c/Program Files/Intel/Intel(R) Management Engine Components/IPT:/mnt/c/Program Files (x86)/NVIDIA Corporation/PhysX/Common:/mnt/c/WINDOWS/system32:/mnt/c/WINDOWS:/mnt/c/WINDOWS/System32/Wbem:/mnt/c/WINDOWS/System32/WindowsPowerShell/v1.0/:/mnt/c/WINDOWS/System32/OpenSSH/:/mnt/c/Program Files/dotnet/:/mnt/c/Users/Raphael W/AppData/Local/Microsoft/WindowsApps:/mnt/c/Users/Raphael W/.dotnet/tools:/mnt/c/Python27:/mnt/c/Python:/mnt/c/Users/Raphael W/AppData/Local/Programs/Python/Python37-32/Scripts/:/mnt/c/Users/Raphael W/AppData/Local/Programs/Python/Python37-32/:/mnt/c/Users/Raphael W/AppData/Local/Microsoft/WindowsApps:/mnt/c/Users/Raphael W/AppData/Local/GitHubDesktop/bin:/mnt/c/Users/Raphael W/AppData/Local/Programs/Microsoft VS Code/bin:/mnt/c/Users/Raphael W/AppData/Local/atom/bin:/mnt/c/Users/Raphael W/AppData/Local/Microsoft/WindowsApps:/mnt/c/Users/Raphael W/AppData/Roaming/npm:/snap/bin
9 verbose lifecycle learn-starter@0.1.0~start: CWD: /mnt/d/RAVI/Programming/NextJS/Blog/nextjs-blog
10 silly lifecycle learn-starter@0.1.0~start: Args: [ '-c', 'next start' ]
11 silly lifecycle learn-starter@0.1.0~start: Returned: code: 1  signal: null
12 info lifecycle learn-starter@0.1.0~start: Failed to exec start script
13 verbose stack Error: learn-starter@0.1.0 start: `next start`
13 verbose stack Exit status 1
13 verbose stack     at EventEmitter.<anonymous> (/home/ravictory/.nvm/versions/node/v12.18.0/lib/node_modules/npm/node_modules/npm-lifecycle/index.js:332:16)
13 verbose stack     at EventEmitter.emit (events.js:315:20)
13 verbose stack     at ChildProcess.<anonymous> (/home/ravictory/.nvm/versions/node/v12.18.0/lib/node_modules/npm/node_modules/npm-lifecycle/lib/spawn.js:55:14)
13 verbose stack     at ChildProcess.emit (events.js:315:20)
13 verbose stack     at maybeClose (internal/child_process.js:1021:16)
13 verbose stack     at Process.ChildProcess._handle.onexit (internal/child_process.js:286:5)
14 verbose pkgid learn-starter@0.1.0
15 verbose cwd /mnt/d/RAVI/Programming/NextJS/Blog/nextjs-blog
16 verbose Linux 4.4.0-18362-Microsoft
17 verbose argv "/home/ravictory/.nvm/versions/node/v12.18.0/bin/node" "/home/ravictory/.nvm/versions/node/v12.18.0/bin/npm" "start"
18 verbose node v12.18.0
19 verbose npm  v6.14.4
20 error code ELIFECYCLE
21 error errno 1
22 error learn-starter@0.1.0 start: `next start`
22 error Exit status 1
23 error Failed at the learn-starter@0.1.0 start script.
23 error This is probably not a problem with npm. There is likely additional logging output above.
24 verbose exit [ 1, true ]
